<component name="libraryTable">
  <library name="junit.jupiter" type="repository">
    <properties maven-id="org.junit.jupiter:junit-jupiter:5.10.0" />
    <CLASSES>
      <root url="jar://$PROJECT_DIR$/../../../../../libs/junit5/junit-jupiter-5.10.0.jar!/" />
      <root url="jar://$PROJECT_DIR$/../../../../../libs/junit5/junit-jupiter-api-5.10.0.jar!/" />
      <root url="jar://$PROJECT_DIR$/../../../../../libs/junit5/opentest4j-1.3.0.jar!/" />
      <root url="jar://$PROJECT_DIR$/../../../../../libs/junit5/junit-platform-commons-1.10.0.jar!/" />
      <root url="jar://$PROJECT_DIR$/../../../../../libs/junit5/apiguardian-api-1.1.2.jar!/" />
      <root url="jar://$PROJECT_DIR$/../../../../../libs/junit5/junit-jupiter-params-5.10.0.jar!/" />
      <root url="jar://$PROJECT_DIR$/../../../../../libs/junit5/junit-jupiter-engine-5.10.0.jar!/" />
      <root url="jar://$PROJECT_DIR$/../../../../../libs/junit5/junit-platform-engine-1.10.0.jar!/" />
    </CLASSES>
    <JAVADOC />
    <SOURCES />
  </library>
</component>